MPASM 5.87              TRABAJO_PRACTICO.ASM   4-26-2026  22:53:39         PAGE  1


LOC  OBJECT CODE     LINE SOURCE TEXT
  VALUE

Warning[205]: Found directive in column 1. (LIST)
                      00001 LIST p=16F887
                      00002     RADIX HEX
                      00003 #include "p16f887.inc"
                      00001         LIST
                      00002 
                      00003 ;==========================================================================
                      00004 ; Build date : Jan 06 2020
                      00005 ;  MPASM PIC16F887 processor include
                      00006 ; 
                      00007 ;  (c) Copyright 1999-2020 Microchip Technology, All rights reserved
                      00008 ;==========================================================================
                      00009 
                      00810         LIST
                      00004 
2007   3FF2           00005  __CONFIG _CONFIG1, _FOSC_HS & _WDTE_OFF & _PWRTE_OFF & _MCLRE_ON & _CP_OFF & _CPD_OFF & _BOREN_ON & _IE
                            SO_ON & _FCMEN_ON & _LVP_ON
2008   3FFF           00006  __CONFIG _CONFIG2, _BOR4V_BOR40V & _WRT_OFF
                      00007 
                      00008 ;========================
                      00009 ; Variables
                      00010 ;========================
  00000070            00011 W_TEMP      EQU 0x70
  00000071            00012 STATUS_TEMP EQU 0x71
                      00013 
  00000020            00014 INDEX EQU 0x20
  00000021            00015 NUM0  EQU 0x21
  00000022            00016 NUM1  EQU 0x22
  00000023            00017 NUM2  EQU 0x23
  00000024            00018 NUM3  EQU 0x24
                      00019 
                      00020     ORG 0x00
0000   2???           00021     GOTO INICIO
                      00022 
                      00023     ORG 0x04
0004   2???           00024     GOTO ISR
                      00025 
                      00026 ;========================
                      00027 ; Inicio
                      00028 ;========================
0005                  00029 INICIO:
                      00030 
                      00031     ; Mostrar F123
0005   300F           00032     MOVLW 0x0F
0006   00A1           00033     MOVWF NUM0
                      00034 
0007   3001           00035     MOVLW 0x01
0008   00A2           00036     MOVWF NUM1
                      00037 
0009   3002           00038     MOVLW 0x02
000A   00A3           00039     MOVWF NUM2
                      00040 
000B   3003           00041     MOVLW 0x03
MPASM 5.87              TRABAJO_PRACTICO.ASM   4-26-2026  22:53:39         PAGE  2


LOC  OBJECT CODE     LINE SOURCE TEXT
  VALUE

000C   00A4           00042     MOVWF NUM3
                      00043 
                      00044     ; Todo digital
000D   1683 1703      00045     BANKSEL ANSEL
Message[302]: Register in operand not in bank 0.  Ensure that bank bits are correct.
000F   0188           00046     CLRF ANSEL
Message[302]: Register in operand not in bank 0.  Ensure that bank bits are correct.
0010   0189           00047     CLRF ANSELH
                      00048 
                      00049     ; PORTD = segmentos
0011   1683 1303      00050     BANKSEL TRISD
Message[302]: Register in operand not in bank 0.  Ensure that bank bits are correct.
0013   0188           00051     CLRF TRISD
                      00052 
                      00053     ; RC0-RC3 salidas
0014   1683 1303      00054     BANKSEL TRISC
0016   30F0           00055     MOVLW B'11110000'
Message[302]: Register in operand not in bank 0.  Ensure that bank bits are correct.
0017   0087           00056     MOVWF TRISC
                      00057 
                      00058     ; Inicializa puertos
0018   1283 1303      00059     BANKSEL PORTD
001A   30FF           00060     MOVLW 0xFF
001B   0088           00061     MOVWF PORTD
                      00062 
001C   1283 1303      00063     BANKSEL PORTC
001E   300F           00064     MOVLW 0x0F
001F   0087           00065     MOVWF PORTC
                      00066 
                      00067     ;========================
                      00068     ; Timer0
                      00069     ;========================
0020   1683 1303      00070     BANKSEL OPTION_REG
0022   3007           00071     MOVLW B'00000111'
Message[302]: Register in operand not in bank 0.  Ensure that bank bits are correct.
0023   0081           00072     MOVWF OPTION_REG
                      00073 
0024   1283 1303      00074     BANKSEL TMR0
0026   30ED           00075     MOVLW D'237'
0027   0081           00076     MOVWF TMR0
                      00077 
                      00078     ;========================
                      00079     ; Interrupciones
                      00080     ;========================
0028   1283 1303      00081     BANKSEL INTCON
002A   110B           00082     BCF INTCON,TMR0IF
002B   168B           00083     BSF INTCON,TMR0IE
002C   178B           00084     BSF INTCON,GIE
                      00085 
002D   01A0           00086     CLRF INDEX
                      00087 
002E                  00088 LOOP:
002E   2???           00089     GOTO LOOP
MPASM 5.87              TRABAJO_PRACTICO.ASM   4-26-2026  22:53:39         PAGE  3


LOC  OBJECT CODE     LINE SOURCE TEXT
  VALUE

                      00090 
                      00091 ;========================
                      00092 ; Tabla 7 segmentos
                      00093 ; Ánodo común
                      00094 ;========================
002F                  00095 TABLA_DISPLAY:
002F   0782           00096     ADDWF PCL,F
0030   34C0           00097     RETLW 0xC0 ;0
0031   34F9           00098     RETLW 0xF9 ;1
0032   34A4           00099     RETLW 0xA4 ;2
0033   34B0           00100     RETLW 0xB0 ;3
0034   3499           00101     RETLW 0x99 ;4
0035   3492           00102     RETLW 0x92 ;5
0036   3482           00103     RETLW 0x82 ;6
0037   34F8           00104     RETLW 0xF8 ;7
0038   3480           00105     RETLW 0x80 ;8
0039   3490           00106     RETLW 0x90 ;9
003A   3488           00107     RETLW 0x88 ;A
003B   3483           00108     RETLW 0x83 ;B
003C   34C6           00109     RETLW 0xC6 ;C
003D   34A1           00110     RETLW 0xA1 ;D
003E   3486           00111     RETLW 0x86 ;E
003F   348E           00112     RETLW 0x8E ;F
                      00113 
                      00114 ;========================
                      00115 ; ISR
                      00116 ;========================
0040                  00117 ISR:
                      00118     ; Guardar contexto
0040   00F0           00119     MOVWF W_TEMP
0041   0E03           00120     SWAPF STATUS,W
0042   00F1           00121     MOVWF STATUS_TEMP
                      00122 
                      00123     ; Timer0
0043   110B           00124     BCF INTCON,TMR0IF
0044   30ED           00125     MOVLW D'237'
0045   0081           00126     MOVWF TMR0
                      00127 
                      00128     ; Apagar todos los displays
0046   300F           00129     MOVLW B'00001111'
0047   0087           00130     MOVWF PORTC
                      00131 
                      00132     ; Seleccionar número
0048   3021           00133     MOVLW NUM0
0049   0720           00134     ADDWF INDEX,W
004A   0084           00135     MOVWF FSR
004B   0800           00136     MOVF INDF,W
                      00137 
004C   390F           00138     ANDLW 0x0F
004D   2???           00139     CALL TABLA_DISPLAY
004E   0088           00140     MOVWF PORTD
                      00141 
                      00142     ; Habilitar display
MPASM 5.87              TRABAJO_PRACTICO.ASM   4-26-2026  22:53:39         PAGE  4


LOC  OBJECT CODE     LINE SOURCE TEXT
  VALUE

004F   0820           00143     MOVF INDEX,W
0050   2???           00144     CALL HABILITACION_DISPLAY
0051   0087           00145     MOVWF PORTC
                      00146 
                      00147     ; Siguiente display
0052   0AA0           00148     INCF INDEX,F
                      00149 
0053   0820           00150     MOVF INDEX,W
0054   3A04           00151     XORLW 0x04
0055   1903           00152     BTFSC STATUS,Z
0056   01A0           00153     CLRF INDEX
                      00154 
                      00155     ; Restaurar contexto
0057   0E71           00156     SWAPF STATUS_TEMP,W
0058   0083           00157     MOVWF STATUS
0059   0EF0           00158     SWAPF W_TEMP,F
005A   0E70           00159     SWAPF W_TEMP,W
005B   0009           00160     RETFIE
                      00161 
                      00162 ;========================
                      00163 ; Habilitación displays
                      00164 ; Ánodo común activo en 0
                      00165 ;========================
005C                  00166 HABILITACION_DISPLAY:
005C   0782           00167     ADDWF PCL,F
005D   340E           00168     RETLW B'00001110' ; Display 0 -> RC0
005E   340B           00169     RETLW B'00001011' ; Display 1 -> RC2
005F   340D           00170     RETLW B'00001101' ; Display 2 -> RC1
0060   3407           00171     RETLW B'00000111' ; Display 3 -> RC3
                      00172 
3FF2 3FFF             00173     END
MPASM 5.87              TRABAJO_PRACTICO.ASM   4-26-2026  22:53:39         PAGE  5


SYMBOL TABLE
  LABEL                             VALUE 

ABDEN                             00000000
ABDOVF                            00000007
ACKDT                             00000005
ACKEN                             00000004
ACKSTAT                           00000006
ADCON0                            0000001F
ADCON1                            0000009F
ADCS0                             00000006
ADCS1                             00000007
ADDEN                             00000003
ADFM                              00000007
ADIE                              00000006
ADIF                              00000006
ADON                              00000000
ADRESH                            0000001E
ADRESL                            0000009E
ANS0                              00000000
ANS1                              00000001
ANS10                             00000002
ANS11                             00000003
ANS12                             00000004
ANS13                             00000005
ANS2                              00000002
ANS3                              00000003
ANS4                              00000004
ANS5                              00000005
ANS6                              00000006
ANS7                              00000007
ANS8                              00000000
ANS9                              00000001
ANSEL                             00000188
ANSELH                            00000189
BAUDCTL                           00000187
BCLIE                             00000003
BCLIF                             00000003
BF                                00000000
BRG0                              00000000
BRG1                              00000001
BRG10                             00000002
BRG11                             00000003
BRG12                             00000004
BRG13                             00000005
BRG14                             00000006
BRG15                             00000007
BRG16                             00000003
BRG2                              00000002
BRG3                              00000003
BRG4                              00000004
BRG5                              00000005
BRG6                              00000006
BRG7                              00000007
BRG8                              00000000
BRG9                              00000001
MPASM 5.87              TRABAJO_PRACTICO.ASM   4-26-2026  22:53:39         PAGE  6


SYMBOL TABLE
  LABEL                             VALUE 

BRGH                              00000002
C                                 00000000
C1CH0                             00000000
C1CH1                             00000001
C1IE                              00000005
C1IF                              00000005
C1OE                              00000005
C1ON                              00000007
C1OUT                             00000006
C1POL                             00000004
C1R                               00000002
C1RSEL                            00000005
C1SEN                             00000005
C2CH0                             00000000
C2CH1                             00000001
C2IE                              00000006
C2IF                              00000006
C2OE                              00000005
C2ON                              00000007
C2OUT                             00000006
C2POL                             00000004
C2R                               00000002
C2REN                             00000004
C2RSEL                            00000004
C2SYNC                            00000000
CCP1CON                           00000017
CCP1IE                            00000002
CCP1IF                            00000002
CCP1M0                            00000000
CCP1M1                            00000001
CCP1M2                            00000002
CCP1M3                            00000003
CCP1X                             00000005
CCP1Y                             00000004
CCP2CON                           0000001D
CCP2IE                            00000000
CCP2IF                            00000000
CCP2M0                            00000000
CCP2M1                            00000001
CCP2M2                            00000002
CCP2M3                            00000003
CCP2X                             00000005
CCP2Y                             00000004
CCPR1                             00000015
CCPR1H                            00000016
CCPR1L                            00000015
CCPR2                             0000001B
CCPR2H                            0000001C
CCPR2L                            0000001B
CHS0                              00000002
CHS1                              00000003
CHS2                              00000004
CHS3                              00000005
MPASM 5.87              TRABAJO_PRACTICO.ASM   4-26-2026  22:53:39         PAGE  7


SYMBOL TABLE
  LABEL                             VALUE 

CKE                               00000006
CKP                               00000004
CM1CON0                           00000107
CM2CON0                           00000108
CM2CON1                           00000109
CREN                              00000004
CSRC                              00000007
D                                 00000005
DATA_ADDRESS                      00000005
DC                                00000001
DC1B0                             00000004
DC1B1                             00000005
DC2B0                             00000004
DC2B1                             00000005
D_A                               00000005
D_NOT_A                           00000005
ECCPAS                            0000009C
ECCPAS0                           00000004
ECCPAS1                           00000005
ECCPAS2                           00000006
ECCPASE                           00000007
EEADR                             0000010D
EEADRH                            0000010F
EECON1                            0000018C
EECON2                            0000018D
EEDAT                             0000010C
EEDATA                            0000010C
EEDATH                            0000010E
EEIE                              00000004
EEIF                              00000004
EEPGD                             00000007
F                                 00000001
FERR                              00000002
FSR                               00000004
FVREN                             00000000
GCEN                              00000007
GIE                               00000007
GO                                00000001
GO_DONE                           00000001
GO_NOT_DONE                       00000001
HABILITACION_DISPLAY              0000005C
HTS                               00000002
I2C_DATA                          00000005
I2C_READ                          00000002
I2C_START                         00000003
I2C_STOP                          00000004
INDEX                             00000020
INDF                              00000000
INICIO                            00000005
INTCON                            0000000B
INTE                              00000004
INTEDG                            00000006
INTF                              00000001
MPASM 5.87              TRABAJO_PRACTICO.ASM   4-26-2026  22:53:39         PAGE  8


SYMBOL TABLE
  LABEL                             VALUE 

IOCB                              00000096
IOCB0                             00000000
IOCB1                             00000001
IOCB2                             00000002
IOCB3                             00000003
IOCB4                             00000004
IOCB5                             00000005
IOCB6                             00000006
IOCB7                             00000007
IRCF0                             00000004
IRCF1                             00000005
IRCF2                             00000006
IRP                               00000007
ISR                               00000040
LOOP                              0000002E
LTS                               00000001
MC1OUT                            00000007
MC2OUT                            00000006
MSK                               00000093
MSK0                              00000000
MSK1                              00000001
MSK2                              00000002
MSK3                              00000003
MSK4                              00000004
MSK5                              00000005
MSK6                              00000006
MSK7                              00000007
NOT_A                             00000005
NOT_ADDRESS                       00000005
NOT_BO                            00000000
NOT_BOR                           00000000
NOT_DONE                          00000001
NOT_PD                            00000003
NOT_POR                           00000001
NOT_RBPU                          00000007
NOT_RC8                           00000006
NOT_T1SYNC                        00000002
NOT_TO                            00000004
NOT_TX8                           00000006
NOT_W                             00000002
NOT_WRITE                         00000002
NUM0                              00000021
NUM1                              00000022
NUM2                              00000023
NUM3                              00000024
OERR                              00000001
OPTION_REG                        00000081
OSCCON                            0000008F
OSCTUNE                           00000090
OSFIE                             00000007
OSFIF                             00000007
OSTS                              00000003
P                                 00000004
MPASM 5.87              TRABAJO_PRACTICO.ASM   4-26-2026  22:53:39         PAGE  9


SYMBOL TABLE
  LABEL                             VALUE 

P1M0                              00000006
P1M1                              00000007
PCL                               00000002
PCLATH                            0000000A
PCON                              0000008E
PDC0                              00000000
PDC1                              00000001
PDC2                              00000002
PDC3                              00000003
PDC4                              00000004
PDC5                              00000005
PDC6                              00000006
PEIE                              00000006
PEN                               00000002
PIE1                              0000008C
PIE2                              0000008D
PIR1                              0000000C
PIR2                              0000000D
PORTA                             00000005
PORTB                             00000006
PORTC                             00000007
PORTD                             00000008
PORTE                             00000009
PR2                               00000092
PRSEN                             00000007
PS0                               00000000
PS1                               00000001
PS2                               00000002
PSA                               00000003
PSSAC0                            00000002
PSSAC1                            00000003
PSSBD0                            00000000
PSSBD1                            00000001
PSTRCON                           0000009D
PULSR                             00000002
PULSS                             00000003
PWM1CON                           0000009B
R                                 00000002
RA0                               00000000
RA1                               00000001
RA2                               00000002
RA3                               00000003
RA4                               00000004
RA5                               00000005
RA6                               00000006
RA7                               00000007
RB0                               00000000
RB1                               00000001
RB2                               00000002
RB3                               00000003
RB4                               00000004
RB5                               00000005
RB6                               00000006
MPASM 5.87              TRABAJO_PRACTICO.ASM   4-26-2026  22:53:39         PAGE 10


SYMBOL TABLE
  LABEL                             VALUE 

RB7                               00000007
RBIE                              00000003
RBIF                              00000000
RC0                               00000000
RC1                               00000001
RC2                               00000002
RC3                               00000003
RC4                               00000004
RC5                               00000005
RC6                               00000006
RC7                               00000007
RC8_9                             00000006
RC9                               00000006
RCD8                              00000000
RCEN                              00000003
RCIDL                             00000006
RCIE                              00000005
RCIF                              00000005
RCREG                             0000001A
RCSTA                             00000018
RD                                00000000
RD0                               00000000
RD1                               00000001
RD2                               00000002
RD3                               00000003
RD4                               00000004
RD5                               00000005
RD6                               00000006
RD7                               00000007
RE0                               00000000
RE1                               00000001
RE2                               00000002
RE3                               00000003
READ_WRITE                        00000002
RP0                               00000005
RP1                               00000006
RSEN                              00000001
RX9                               00000006
RX9D                              00000000
R_NOT_W                           00000002
R_W                               00000002
S                                 00000003
SBOREN                            00000004
SCKP                              00000004
SCS                               00000000
SEN                               00000000
SENDB                             00000003
SMP                               00000007
SPBRG                             00000099
SPBRGH                            0000009A
SPEN                              00000007
SR0                               00000006
SR1                               00000007
MPASM 5.87              TRABAJO_PRACTICO.ASM   4-26-2026  22:53:39         PAGE 11


SYMBOL TABLE
  LABEL                             VALUE 

SRCON                             00000185
SREN                              00000005
SSPADD                            00000093
SSPBUF                            00000013
SSPCON                            00000014
SSPCON2                           00000091
SSPEN                             00000005
SSPIE                             00000003
SSPIF                             00000003
SSPM0                             00000000
SSPM1                             00000001
SSPM2                             00000002
SSPM3                             00000003
SSPMSK                            00000093
SSPOV                             00000006
SSPSTAT                           00000094
STATUS                            00000003
STATUS_TEMP                       00000071
STRA                              00000000
STRB                              00000001
STRC                              00000002
STRD                              00000003
STRSYNC                           00000004
SWDTEN                            00000000
SYNC                              00000004
T0CS                              00000005
T0IE                              00000005
T0IF                              00000002
T0SE                              00000004
T1CKPS0                           00000004
T1CKPS1                           00000005
T1CON                             00000010
T1GINV                            00000007
T1GIV                             00000007
T1GSS                             00000001
T1INSYNC                          00000002
T1OSCEN                           00000003
T1SYNC                            00000002
T2CKPS0                           00000000
T2CKPS1                           00000001
T2CON                             00000012
TABLA_DISPLAY                     0000002F
TMR0                              00000001
TMR0IE                            00000005
TMR0IF                            00000002
TMR1                              0000000E
TMR1CS                            00000001
TMR1GE                            00000006
TMR1H                             0000000F
TMR1IE                            00000000
TMR1IF                            00000000
TMR1L                             0000000E
TMR1ON                            00000000
MPASM 5.87              TRABAJO_PRACTICO.ASM   4-26-2026  22:53:39         PAGE 12


SYMBOL TABLE
  LABEL                             VALUE 

TMR2                              00000011
TMR2IE                            00000001
TMR2IF                            00000001
TMR2ON                            00000002
TOUTPS0                           00000003
TOUTPS1                           00000004
TOUTPS2                           00000005
TOUTPS3                           00000006
TRISA                             00000085
TRISA0                            00000000
TRISA1                            00000001
TRISA2                            00000002
TRISA3                            00000003
TRISA4                            00000004
TRISA5                            00000005
TRISA6                            00000006
TRISA7                            00000007
TRISB                             00000086
TRISB0                            00000000
TRISB1                            00000001
TRISB2                            00000002
TRISB3                            00000003
TRISB4                            00000004
TRISB5                            00000005
TRISB6                            00000006
TRISB7                            00000007
TRISC                             00000087
TRISC0                            00000000
TRISC1                            00000001
TRISC2                            00000002
TRISC3                            00000003
TRISC4                            00000004
TRISC5                            00000005
TRISC6                            00000006
TRISC7                            00000007
TRISD                             00000088
TRISD0                            00000000
TRISD1                            00000001
TRISD2                            00000002
TRISD3                            00000003
TRISD4                            00000004
TRISD5                            00000005
TRISD6                            00000006
TRISD7                            00000007
TRISE                             00000089
TRISE0                            00000000
TRISE1                            00000001
TRISE2                            00000002
TRISE3                            00000003
TRMT                              00000001
TUN0                              00000000
TUN1                              00000001
TUN2                              00000002
MPASM 5.87              TRABAJO_PRACTICO.ASM   4-26-2026  22:53:39         PAGE 13


SYMBOL TABLE
  LABEL                             VALUE 

TUN3                              00000003
TUN4                              00000004
TX8_9                             00000006
TX9                               00000006
TX9D                              00000000
TXD8                              00000000
TXEN                              00000005
TXIE                              00000004
TXIF                              00000004
TXREG                             00000019
TXSTA                             00000098
UA                                00000001
ULPWUE                            00000005
ULPWUIE                           00000002
ULPWUIF                           00000002
VCFG0                             00000004
VCFG1                             00000005
VR0                               00000000
VR1                               00000001
VR2                               00000002
VR3                               00000003
VRCON                             00000097
VREN                              00000007
VROE                              00000006
VRR                               00000005
VRSS                              00000004
W                                 00000000
WCOL                              00000007
WDTCON                            00000105
WDTPS0                            00000001
WDTPS1                            00000002
WDTPS2                            00000003
WDTPS3                            00000004
WPUB                              00000095
WPUB0                             00000000
WPUB1                             00000001
WPUB2                             00000002
WPUB3                             00000003
WPUB4                             00000004
WPUB5                             00000005
WPUB6                             00000006
WPUB7                             00000007
WR                                00000001
WREN                              00000002
WRERR                             00000003
WUE                               00000001
W_TEMP                            00000070
Z                                 00000002
_BOR21V                           00003EFF
_BOR40V                           00003FFF
_BOR4V_BOR21V                     00003EFF
_BOR4V_BOR40V                     00003FFF
_BOREN_NSLEEP                     00003EFF
MPASM 5.87              TRABAJO_PRACTICO.ASM   4-26-2026  22:53:39         PAGE 14


SYMBOL TABLE
  LABEL                             VALUE 

_BOREN_OFF                        00003CFF
_BOREN_ON                         00003FFF
_BOREN_SBODEN                     00003DFF
_BOR_NSLEEP                       00003EFF
_BOR_OFF                          00003CFF
_BOR_ON                           00003FFF
_BOR_SBODEN                       00003DFF
_CONFIG1                          00002007
_CONFIG2                          00002008
_CPD_OFF                          00003FFF
_CPD_ON                           00003F7F
_CP_OFF                           00003FFF
_CP_ON                            00003FBF
_DEBUG_OFF                        00003FFF
_DEBUG_ON                         00001FFF
_DEVID1                           00002006
_EC_OSC                           00003FFB
_EXTRC                            00003FFF
_EXTRCIO                          00003FFE
_EXTRC_OSC_CLKOUT                 00003FFF
_EXTRC_OSC_NOCLKOUT               00003FFE
_FCMEN_OFF                        000037FF
_FCMEN_ON                         00003FFF
_FOSC_EC                          00003FFB
_FOSC_EXTRC_CLKOUT                00003FFF
_FOSC_EXTRC_NOCLKOUT              00003FFE
_FOSC_HS                          00003FFA
_FOSC_INTRC_CLKOUT                00003FFD
_FOSC_INTRC_NOCLKOUT              00003FFC
_FOSC_LP                          00003FF8
_FOSC_XT                          00003FF9
_HS_OSC                           00003FFA
_IDLOC0                           00002000
_IDLOC1                           00002001
_IDLOC2                           00002002
_IDLOC3                           00002003
_IESO_OFF                         00003BFF
_IESO_ON                          00003FFF
_INTOSC                           00003FFD
_INTOSCIO                         00003FFC
_INTRC_OSC_CLKOUT                 00003FFD
_INTRC_OSC_NOCLKOUT               00003FFC
_LP_OSC                           00003FF8
_LVP_OFF                          00002FFF
_LVP_ON                           00003FFF
_MCLRE_OFF                        00003FDF
_MCLRE_ON                         00003FFF
_PWRTE_OFF                        00003FFF
_PWRTE_ON                         00003FEF
_WDTE_OFF                         00003FF7
_WDTE_ON                          00003FFF
_WDT_OFF                          00003FF7
_WDT_ON                           00003FFF
MPASM 5.87              TRABAJO_PRACTICO.ASM   4-26-2026  22:53:39         PAGE 15


SYMBOL TABLE
  LABEL                             VALUE 

_WRT_1FOURTH                      00003BFF
_WRT_256                          00003DFF
_WRT_HALF                         000039FF
_WRT_OFF                          00003FFF
_XT_OSC                           00003FF9
__16F887                          00000001

Errors   :     0
Warnings :     1 reported,     0 suppressed
Messages :     5 reported,     0 suppressed

